<?xml version="1.0" encoding="UTF-8"?>
<testsuite xmlns:xsi="http://www.w3.org/2001/XMLSchema-instance" xsi:noNamespaceSchemaLocation="https://maven.apache.org/surefire/maven-surefire-plugin/xsd/surefire-test-report.xsd" name="TestSuite" time="37.287" tests="3" errors="0" skipped="0" failures="0">
  <properties>
    <property name="sun.desktop" value="gnome"/>
    <property name="awt.toolkit" value="sun.awt.X11.XToolkit"/>
    <property name="java.specification.version" value="10"/>
    <property name="file.encoding.pkg" value="sun.io"/>
    <property name="sun.cpu.isalist" value=""/>
    <property name="sun.jnu.encoding" value="UTF-8"/>
    <property name="java.class.path" value="/home/svitlanamykolaienko/Automation/Automation/target/test-classes:/home/svitlanamykolaienko/Automation/Automation/target/classes:/home/svitlanamykolaienko/.m2/repository/org/testng/testng/6.14.3/testng-6.14.3.jar:/home/svitlanamykolaienko/.m2/repository/com/beust/jcommander/1.72/jcommander-1.72.jar:/home/svitlanamykolaienko/.m2/repository/org/apache-extras/beanshell/bsh/2.0b6/bsh-2.0b6.jar:/home/svitlanamykolaienko/.m2/repository/org/seleniumhq/selenium/selenium-java/3.14.0/selenium-java-3.14.0.jar:/home/svitlanamykolaienko/.m2/repository/org/seleniumhq/selenium/selenium-api/3.14.0/selenium-api-3.14.0.jar:/home/svitlanamykolaienko/.m2/repository/org/seleniumhq/selenium/selenium-chrome-driver/3.14.0/selenium-chrome-driver-3.14.0.jar:/home/svitlanamykolaienko/.m2/repository/org/seleniumhq/selenium/selenium-edge-driver/3.14.0/selenium-edge-driver-3.14.0.jar:/home/svitlanamykolaienko/.m2/repository/org/seleniumhq/selenium/selenium-firefox-driver/3.14.0/selenium-firefox-driver-3.14.0.jar:/home/svitlanamykolaienko/.m2/repository/org/seleniumhq/selenium/selenium-ie-driver/3.14.0/selenium-ie-driver-3.14.0.jar:/home/svitlanamykolaienko/.m2/repository/org/seleniumhq/selenium/selenium-opera-driver/3.14.0/selenium-opera-driver-3.14.0.jar:/home/svitlanamykolaienko/.m2/repository/org/seleniumhq/selenium/selenium-remote-driver/3.14.0/selenium-remote-driver-3.14.0.jar:/home/svitlanamykolaienko/.m2/repository/org/seleniumhq/selenium/selenium-safari-driver/3.14.0/selenium-safari-driver-3.14.0.jar:/home/svitlanamykolaienko/.m2/repository/org/seleniumhq/selenium/selenium-support/3.14.0/selenium-support-3.14.0.jar:/home/svitlanamykolaienko/.m2/repository/net/bytebuddy/byte-buddy/1.8.15/byte-buddy-1.8.15.jar:/home/svitlanamykolaienko/.m2/repository/org/apache/commons/commons-exec/1.3/commons-exec-1.3.jar:/home/svitlanamykolaienko/.m2/repository/commons-codec/commons-codec/1.10/commons-codec-1.10.jar:/home/svitlanamykolaienko/.m2/repository/commons-logging/commons-logging/1.2/commons-logging-1.2.jar:/home/svitlanamykolaienko/.m2/repository/com/google/guava/guava/25.0-jre/guava-25.0-jre.jar:/home/svitlanamykolaienko/.m2/repository/com/google/code/findbugs/jsr305/1.3.9/jsr305-1.3.9.jar:/home/svitlanamykolaienko/.m2/repository/org/checkerframework/checker-compat-qual/2.0.0/checker-compat-qual-2.0.0.jar:/home/svitlanamykolaienko/.m2/repository/com/google/errorprone/error_prone_annotations/2.1.3/error_prone_annotations-2.1.3.jar:/home/svitlanamykolaienko/.m2/repository/com/google/j2objc/j2objc-annotations/1.1/j2objc-annotations-1.1.jar:/home/svitlanamykolaienko/.m2/repository/org/codehaus/mojo/animal-sniffer-annotations/1.14/animal-sniffer-annotations-1.14.jar:/home/svitlanamykolaienko/.m2/repository/org/apache/httpcomponents/httpclient/4.5.5/httpclient-4.5.5.jar:/home/svitlanamykolaienko/.m2/repository/org/apache/httpcomponents/httpcore/4.4.9/httpcore-4.4.9.jar:/home/svitlanamykolaienko/.m2/repository/com/squareup/okhttp3/okhttp/3.10.0/okhttp-3.10.0.jar:/home/svitlanamykolaienko/.m2/repository/com/squareup/okio/okio/1.14.1/okio-1.14.1.jar:/home/svitlanamykolaienko/.m2/repository/log4j/log4j/1.2.17/log4j-1.2.17.jar:/home/svitlanamykolaienko/.m2/repository/net/sf/opencsv/opencsv/2.3/opencsv-2.3.jar:/home/svitlanamykolaienko/.m2/repository/io/qameta/allure/allure-java-commons/2.6.0/allure-java-commons-2.6.0.jar:/home/svitlanamykolaienko/.m2/repository/io/qameta/allure/allure2-model-api/1.0-BETA6/allure2-model-api-1.0-BETA6.jar:/home/svitlanamykolaienko/.m2/repository/io/qameta/allure/allure2-model-pojo/1.0-BETA6/allure2-model-pojo-1.0-BETA6.jar:/home/svitlanamykolaienko/.m2/repository/org/apache/tika/tika-core/1.14/tika-core-1.14.jar:/home/svitlanamykolaienko/.m2/repository/io/qameta/allure/allure2-model-jackson/1.0-BETA6/allure2-model-jackson-1.0-BETA6.jar:/home/svitlanamykolaienko/.m2/repository/com/fasterxml/jackson/core/jackson-databind/2.7.0/jackson-databind-2.7.0.jar:/home/svitlanamykolaienko/.m2/repository/com/fasterxml/jackson/core/jackson-annotations/2.7.0/jackson-annotations-2.7.0.jar:/home/svitlanamykolaienko/.m2/repository/com/fasterxml/jackson/core/jackson-core/2.7.0/jackson-core-2.7.0.jar:/home/svitlanamykolaienko/.m2/repository/com/fasterxml/jackson/module/jackson-module-jaxb-annotations/2.7.0/jackson-module-jaxb-annotations-2.7.0.jar:/home/svitlanamykolaienko/.m2/repository/org/apache/commons/commons-lang3/3.5/commons-lang3-3.5.jar:/home/svitlanamykolaienko/.m2/repository/org/aspectj/aspectjrt/1.8.10/aspectjrt-1.8.10.jar:/home/svitlanamykolaienko/.m2/repository/org/jooq/joor/0.9.6/joor-0.9.6.jar:/home/svitlanamykolaienko/.m2/repository/org/slf4j/slf4j-api/1.7.21/slf4j-api-1.7.21.jar:/home/svitlanamykolaienko/.m2/repository/org/apache/maven/surefire/surefire-testng-utils/2.22.0/surefire-testng-utils-2.22.0.jar:/home/svitlanamykolaienko/.m2/repository/org/apache/maven/surefire/surefire-grouper/2.22.0/surefire-grouper-2.22.0.jar:"/>
    <property name="java.vm.vendor" value="&quot;Oracle Corporation&quot;"/>
    <property name="sun.arch.data.model" value="64"/>
    <property name="java.vendor.url" value="http://java.oracle.com/"/>
    <property name="user.timezone" value=""/>
    <property name="java.vm.specification.version" value="10"/>
    <property name="os.name" value="Linux"/>
    <property name="sun.java.launcher" value="SUN_STANDARD"/>
    <property name="user.country" value="UA"/>
    <property name="sun.boot.library.path" value="/usr/lib/jvm/java-10-oracle/lib"/>
    <property name="sun.java.command" value="/home/svitlanamykolaienko/Automation/Automation/target/surefire/surefirebooter18025020630749059334.jar /home/svitlanamykolaienko/Automation/Automation/target/surefire 2018-09-14T18-25-02_699-jvmRun1 surefire1415035237684525251tmp surefire_04613235721410254409tmp"/>
    <property name="jdk.debug" value="release"/>
    <property name="surefire.test.class.path" value="/home/svitlanamykolaienko/Automation/Automation/target/test-classes:/home/svitlanamykolaienko/Automation/Automation/target/classes:/home/svitlanamykolaienko/.m2/repository/org/testng/testng/6.14.3/testng-6.14.3.jar:/home/svitlanamykolaienko/.m2/repository/com/beust/jcommander/1.72/jcommander-1.72.jar:/home/svitlanamykolaienko/.m2/repository/org/apache-extras/beanshell/bsh/2.0b6/bsh-2.0b6.jar:/home/svitlanamykolaienko/.m2/repository/org/seleniumhq/selenium/selenium-java/3.14.0/selenium-java-3.14.0.jar:/home/svitlanamykolaienko/.m2/repository/org/seleniumhq/selenium/selenium-api/3.14.0/selenium-api-3.14.0.jar:/home/svitlanamykolaienko/.m2/repository/org/seleniumhq/selenium/selenium-chrome-driver/3.14.0/selenium-chrome-driver-3.14.0.jar:/home/svitlanamykolaienko/.m2/repository/org/seleniumhq/selenium/selenium-edge-driver/3.14.0/selenium-edge-driver-3.14.0.jar:/home/svitlanamykolaienko/.m2/repository/org/seleniumhq/selenium/selenium-firefox-driver/3.14.0/selenium-firefox-driver-3.14.0.jar:/home/svitlanamykolaienko/.m2/repository/org/seleniumhq/selenium/selenium-ie-driver/3.14.0/selenium-ie-driver-3.14.0.jar:/home/svitlanamykolaienko/.m2/repository/org/seleniumhq/selenium/selenium-opera-driver/3.14.0/selenium-opera-driver-3.14.0.jar:/home/svitlanamykolaienko/.m2/repository/org/seleniumhq/selenium/selenium-remote-driver/3.14.0/selenium-remote-driver-3.14.0.jar:/home/svitlanamykolaienko/.m2/repository/org/seleniumhq/selenium/selenium-safari-driver/3.14.0/selenium-safari-driver-3.14.0.jar:/home/svitlanamykolaienko/.m2/repository/org/seleniumhq/selenium/selenium-support/3.14.0/selenium-support-3.14.0.jar:/home/svitlanamykolaienko/.m2/repository/net/bytebuddy/byte-buddy/1.8.15/byte-buddy-1.8.15.jar:/home/svitlanamykolaienko/.m2/repository/org/apache/commons/commons-exec/1.3/commons-exec-1.3.jar:/home/svitlanamykolaienko/.m2/repository/commons-codec/commons-codec/1.10/commons-codec-1.10.jar:/home/svitlanamykolaienko/.m2/repository/commons-logging/commons-logging/1.2/commons-logging-1.2.jar:/home/svitlanamykolaienko/.m2/repository/com/google/guava/guava/25.0-jre/guava-25.0-jre.jar:/home/svitlanamykolaienko/.m2/repository/com/google/code/findbugs/jsr305/1.3.9/jsr305-1.3.9.jar:/home/svitlanamykolaienko/.m2/repository/org/checkerframework/checker-compat-qual/2.0.0/checker-compat-qual-2.0.0.jar:/home/svitlanamykolaienko/.m2/repository/com/google/errorprone/error_prone_annotations/2.1.3/error_prone_annotations-2.1.3.jar:/home/svitlanamykolaienko/.m2/repository/com/google/j2objc/j2objc-annotations/1.1/j2objc-annotations-1.1.jar:/home/svitlanamykolaienko/.m2/repository/org/codehaus/mojo/animal-sniffer-annotations/1.14/animal-sniffer-annotations-1.14.jar:/home/svitlanamykolaienko/.m2/repository/org/apache/httpcomponents/httpclient/4.5.5/httpclient-4.5.5.jar:/home/svitlanamykolaienko/.m2/repository/org/apache/httpcomponents/httpcore/4.4.9/httpcore-4.4.9.jar:/home/svitlanamykolaienko/.m2/repository/com/squareup/okhttp3/okhttp/3.10.0/okhttp-3.10.0.jar:/home/svitlanamykolaienko/.m2/repository/com/squareup/okio/okio/1.14.1/okio-1.14.1.jar:/home/svitlanamykolaienko/.m2/repository/log4j/log4j/1.2.17/log4j-1.2.17.jar:/home/svitlanamykolaienko/.m2/repository/net/sf/opencsv/opencsv/2.3/opencsv-2.3.jar:/home/svitlanamykolaienko/.m2/repository/io/qameta/allure/allure-java-commons/2.6.0/allure-java-commons-2.6.0.jar:/home/svitlanamykolaienko/.m2/repository/io/qameta/allure/allure2-model-api/1.0-BETA6/allure2-model-api-1.0-BETA6.jar:/home/svitlanamykolaienko/.m2/repository/io/qameta/allure/allure2-model-pojo/1.0-BETA6/allure2-model-pojo-1.0-BETA6.jar:/home/svitlanamykolaienko/.m2/repository/org/apache/tika/tika-core/1.14/tika-core-1.14.jar:/home/svitlanamykolaienko/.m2/repository/io/qameta/allure/allure2-model-jackson/1.0-BETA6/allure2-model-jackson-1.0-BETA6.jar:/home/svitlanamykolaienko/.m2/repository/com/fasterxml/jackson/core/jackson-databind/2.7.0/jackson-databind-2.7.0.jar:/home/svitlanamykolaienko/.m2/repository/com/fasterxml/jackson/core/jackson-annotations/2.7.0/jackson-annotations-2.7.0.jar:/home/svitlanamykolaienko/.m2/repository/com/fasterxml/jackson/core/jackson-core/2.7.0/jackson-core-2.7.0.jar:/home/svitlanamykolaienko/.m2/repository/com/fasterxml/jackson/module/jackson-module-jaxb-annotations/2.7.0/jackson-module-jaxb-annotations-2.7.0.jar:/home/svitlanamykolaienko/.m2/repository/org/apache/commons/commons-lang3/3.5/commons-lang3-3.5.jar:/home/svitlanamykolaienko/.m2/repository/org/aspectj/aspectjrt/1.8.10/aspectjrt-1.8.10.jar:/home/svitlanamykolaienko/.m2/repository/org/jooq/joor/0.9.6/joor-0.9.6.jar:/home/svitlanamykolaienko/.m2/repository/org/slf4j/slf4j-api/1.7.21/slf4j-api-1.7.21.jar:/home/svitlanamykolaienko/.m2/repository/org/apache/maven/surefire/surefire-testng-utils/2.22.0/surefire-testng-utils-2.22.0.jar:/home/svitlanamykolaienko/.m2/repository/org/apache/maven/surefire/surefire-grouper/2.22.0/surefire-grouper-2.22.0.jar:"/>
    <property name="sun.cpu.endian" value="little"/>
    <property name="user.home" value="/home/svitlanamykolaienko"/>
    <property name="user.language" value="ru"/>
    <property name="java.specification.vendor" value="Oracle Corporation"/>
    <property name="java.version.date" value="2018-04-17"/>
    <property name="java.home" value="/usr/lib/jvm/java-10-oracle"/>
    <property name="file.separator" value="/"/>
    <property name="basedir" value="/home/svitlanamykolaienko/Automation/Automation"/>
    <property name="java.vm.compressedOopsMode" value="Zero based"/>
    <property name="line.separator" value="&#10;"/>
    <property name="java.specification.name" value="Java Platform API Specification"/>
    <property name="java.vm.specification.vendor" value="Oracle Corporation"/>
    <property name="java.awt.graphicsenv" value="sun.awt.X11GraphicsEnvironment"/>
    <property name="surefire.real.class.path" value="/home/svitlanamykolaienko/Automation/Automation/target/surefire/surefirebooter18025020630749059334.jar"/>
    <property name="sun.management.compiler" value="HotSpot 64-Bit Tiered Compilers"/>
    <property name="java.runtime.version" value="10.0.1+10"/>
    <property name="user.name" value="svitlanamykolaienko"/>
    <property name="path.separator" value=":"/>
    <property name="os.version" value="4.15.0-33-generic"/>
    <property name="java.runtime.name" value="Java(TM) SE Runtime Environment"/>
    <property name="file.encoding" value="UTF-8"/>
    <property name="java.vm.name" value="Java HotSpot(TM) 64-Bit Server VM"/>
    <property name="java.vendor.version" value="18.3"/>
    <property name="localRepository" value="/home/svitlanamykolaienko/.m2/repository"/>
    <property name="java.vendor.url.bug" value="http://bugreport.java.com/bugreport/"/>
    <property name="java.io.tmpdir" value="/tmp"/>
    <property name="java.version" value="10.0.1"/>
    <property name="user.dir" value="/home/svitlanamykolaienko/Automation/Automation"/>
    <property name="os.arch" value="amd64"/>
    <property name="java.vm.specification.name" value="Java Virtual Machine Specification"/>
    <property name="java.awt.printerjob" value="sun.print.PSPrinterJob"/>
    <property name="sun.os.patch.level" value="unknown"/>
    <property name="java.library.path" value="/usr/java/packages/lib:/usr/lib64:/lib64:/lib:/usr/lib"/>
    <property name="java.vendor" value="Oracle Corporation"/>
    <property name="java.vm.info" value="mixed mode"/>
    <property name="java.vm.version" value="10.0.1+10"/>
    <property name="sun.io.unicode.encoding" value="UnicodeLittle"/>
    <property name="java.class.version" value="54.0"/>
  </properties>
  <testcase name="positiveTest" classname="stage.nur.LogInTest" time="7.953"/>
  <testcase name="negativeTest" classname="stage.nur.LogInTest" time="5.165"/>
  <testcase name="negativeTest" classname="stage.nur.LogInTest" time="5.183"/>
</testsuite>