<?xml version="1.0" encoding="UTF-8"?>
<!-- Generated by org.testng.reporters.JUnitReportReporter -->
<testsuite skipped="0" hostname="Aspire-F5-573G" name="com.dice.SecondTest" tests="1" failures="0" timestamp="10 сен 2018 09:18:57 GMT" time="4.974" errors="0">
  <testcase name="secondTestMethod" time="4.974" classname="com.dice.SecondTest"/>
</testsuite> <!-- com.dice.SecondTest -->
