<?xml version="1.0" encoding="UTF-8"?>
<!-- Generated by org.testng.reporters.JUnitReportReporter -->
<testsuite hostname="Aspire-F5-573G" failures="0" tests="6" name="stage.nur.LogInTest" time="70.272" errors="0" timestamp="14 сент. 2018 15:13:15 GMT" skipped="0">
  <testcase classname="stage.nur.LogInTest" name="positiveTest" time="13.455"/>
  <testcase classname="stage.nur.LogInTest" name="positiveTest" time="10.599"/>
  <testcase classname="stage.nur.LogInTest" name="negativeTest" time="14.325"/>
  <testcase classname="stage.nur.LogInTest" name="negativeTest" time="15.522"/>
  <testcase classname="stage.nur.LogInTest" name="negativeTest" time="7.456"/>
  <testcase classname="stage.nur.LogInTest" name="negativeTest" time="8.915"/>
</testsuite> <!-- stage.nur.LogInTest -->
