<?xml version="1.0" encoding="UTF-8"?>
<!-- Generated by org.testng.reporters.JUnitReportReporter -->
<testsuite hostname="Aspire-F5-573G" failures="0" tests="3" name="stage.nur.LogInTest" time="12.851" errors="0" timestamp="01 окт. 2018 08:09:05 GMT" skipped="0">
  <testcase classname="stage.nur.LogInTest" name="positiveTest" time="6.181"/>
  <testcase classname="stage.nur.LogInTest" name="negativeTest" time="3.420"/>
  <testcase classname="stage.nur.LogInTest" name="negativeTest" time="3.250"/>
</testsuite> <!-- stage.nur.LogInTest -->
