<?xml version="1.0" encoding="UTF-8"?>
<!-- Generated by org.testng.reporters.JUnitReportReporter -->
<testsuite hostname="Aspire-F5-573G" failures="0" tests="3" name="stage.nur.LogInTest" time="11.605" errors="0" timestamp="28 сент. 2018 08:19:17 GMT" skipped="0">
  <testcase classname="stage.nur.LogInTest" name="positiveTest" time="6.530"/>
  <testcase classname="stage.nur.LogInTest" name="negativeTest" time="2.658"/>
  <testcase classname="stage.nur.LogInTest" name="negativeTest" time="2.417"/>
</testsuite> <!-- stage.nur.LogInTest -->
