<?xml version="1.0" encoding="UTF-8"?>
<!-- Generated by org.testng.reporters.JUnitReportReporter -->
<testsuite skipped="0" hostname="Aspire-F5-573G" name="com.dice.SecondTest" tests="1" failures="0" timestamp="07 сен 2018 09:02:40 GMT" time="5.626" errors="0">
  <testcase name="secondTestMethod" time="5.626" classname="com.dice.SecondTest"/>
</testsuite> <!-- com.dice.SecondTest -->
