<?xml version="1.0" encoding="UTF-8"?>
<!-- Generated by org.testng.reporters.JUnitReportReporter -->
<testsuite hostname="Aspire-F5-573G" failures="0" tests="3" name="stage.nur.LogInTest" time="36.532" errors="0" timestamp="14 сент. 2018 15:25:41 GMT" skipped="0">
  <testcase classname="stage.nur.LogInTest" name="positiveTest" time="13.824"/>
  <testcase classname="stage.nur.LogInTest" name="negativeTest" time="11.991"/>
  <testcase classname="stage.nur.LogInTest" name="negativeTest" time="10.717"/>
</testsuite> <!-- stage.nur.LogInTest -->
