<?xml version="1.0" encoding="UTF-8"?>
<!-- Generated by org.testng.reporters.JUnitReportReporter -->
<testsuite skipped="0" hostname="Aspire-F5-573G" name="stage.nur.LogInTest" tests="3" failures="0" timestamp="21 сен 2018 13:54:12 GMT" time="47.592" errors="0">
  <testcase name="positiveTest" time="19.120" classname="stage.nur.LogInTest"/>
  <testcase name="negativeTest" time="14.492" classname="stage.nur.LogInTest"/>
  <testcase name="negativeTest" time="13.980" classname="stage.nur.LogInTest"/>
</testsuite> <!-- stage.nur.LogInTest -->
