<?xml version="1.0" encoding="UTF-8"?>
<!-- Generated by org.testng.reporters.JUnitReportReporter -->
<testsuite skipped="1" hostname="Aspire-F5-573G" name="com.dice.LoginTest" tests="2" failures="0" timestamp="10 сен 2018 09:18:57 GMT" time="29.524" errors="0">
  <testcase name="positiveTest" time="29.524" classname="com.dice.LoginTest"/>
  <testcase name="negativeTest" time="0.000" classname="com.dice.LoginTest">
    <skipped/>
  </testcase> <!-- negativeTest -->
</testsuite> <!-- com.dice.LoginTest -->
