<?xml version="1.0" encoding="UTF-8"?>
<!-- Generated by org.testng.reporters.JUnitReportReporter -->
<testsuite hostname="Aspire-F5-573G" failures="0" tests="3" name="stage.nur.LogInTest" time="11.380" errors="0" timestamp="28 сент. 2018 09:02:41 GMT" skipped="0">
  <testcase classname="stage.nur.LogInTest" name="positiveTest" time="6.473"/>
  <testcase classname="stage.nur.LogInTest" name="negativeTest" time="2.489"/>
  <testcase classname="stage.nur.LogInTest" name="negativeTest" time="2.418"/>
</testsuite> <!-- stage.nur.LogInTest -->
