<?xml version="1.0" encoding="UTF-8"?>
<!-- Generated by org.testng.reporters.JUnitReportReporter -->
<testsuite hostname="Aspire-F5-573G" failures="0" tests="3" name="stage.nur.LogInTest" time="9.932" errors="0" timestamp="24 сент. 2018 08:06:25 GMT" skipped="0">
  <testcase classname="stage.nur.LogInTest" name="positiveTest" time="5.323"/>
  <testcase classname="stage.nur.LogInTest" name="negativeTest" time="2.766"/>
  <testcase classname="stage.nur.LogInTest" name="negativeTest" time="1.843"/>
</testsuite> <!-- stage.nur.LogInTest -->
